<?xml version="1.0" encoding="UTF-8"?>
<testsuite name="soft2412.currencyconverter.test" tests="27" skipped="0" failures="0" errors="0" timestamp="2025-01-29T01:27:50" hostname="BASS" time="8.297">
  <properties/>
  <testcase name="test_findRate()" classname="soft2412.currencyconverter.test" time="0.228"/>
  <testcase name="test_date_checker_13th_month()" classname="soft2412.currencyconverter.test" time="0.058"/>
  <testcase name="test_popular()" classname="soft2412.currencyconverter.test" time="0.123"/>
  <testcase name="test_fail_find_rate()" classname="soft2412.currencyconverter.test" time="0.066"/>
  <testcase name="test_fail_find_symbol()" classname="soft2412.currencyconverter.test" time="0.055"/>
  <testcase name="test_insert()" classname="soft2412.currencyconverter.test" time="0.507"/>
  <testcase name="test_summary_same_date()" classname="soft2412.currencyconverter.test" time="2.289"/>
  <testcase name="test_fail_find_rate_change()" classname="soft2412.currencyconverter.test" time="0.058"/>
  <testcase name="test_rate_change_up_down()" classname="soft2412.currencyconverter.test" time="0.496"/>
  <testcase name="test_date_converter()" classname="soft2412.currencyconverter.test" time="0.057"/>
  <testcase name="test_getCurrencySymbol()" classname="soft2412.currencyconverter.test" time="0.059"/>
  <testcase name="test_fail_get_currency()" classname="soft2412.currencyconverter.test" time="0.069"/>
  <testcase name="test_initialise_tables_again()" classname="soft2412.currencyconverter.test" time="0.054"/>
  <testcase name="test_date_checker()" classname="soft2412.currencyconverter.test" time="0.052"/>
  <testcase name="test_fail_summary()" classname="soft2412.currencyconverter.test" time="0.062"/>
  <testcase name="test_summary_after_change()" classname="soft2412.currencyconverter.test" time="2.3"/>
  <testcase name="test_getCurrencies_change()" classname="soft2412.currencyconverter.test" time="0.716"/>
  <testcase name="test_rate_change_no_change()" classname="soft2412.currencyconverter.test" time="0.074"/>
  <testcase name="test_summary()" classname="soft2412.currencyconverter.test" time="0.287"/>
  <testcase name="test_date_checker_wrong_format()" classname="soft2412.currencyconverter.test" time="0.057"/>
  <testcase name="test_findRate_missing()" classname="soft2412.currencyconverter.test" time="0.058"/>
  <testcase name="test_summary_oustide_date()" classname="soft2412.currencyconverter.test" time="0.29"/>
  <testcase name="test_rate_change()" classname="soft2412.currencyconverter.test" time="0.062"/>
  <testcase name="test_getCurrencies()" classname="soft2412.currencyconverter.test" time="0.056"/>
  <testcase name="test_summary_no_currency()" classname="soft2412.currencyconverter.test" time="0.053"/>
  <testcase name="test_fail_popular()" classname="soft2412.currencyconverter.test" time="0.05"/>
  <testcase name="test_unable_connect()" classname="soft2412.currencyconverter.test" time="0.048"/>
  <system-out><![CDATA[Connection to SQLite has been established.
Connection to SQLite has been established.
Connection to SQLite has been established.
Connection to SQLite has been established.
[SQLITE_ERROR] SQL error or missing database (no such table: rates)
Rate not found
Connection to SQLite has been established.
[SQLITE_ERROR] SQL error or missing database (no such table: symbols)
Currency not found
Connection to SQLite has been established.
Rate not found
Rate not found
Rate not found
Connection to SQLite has been established.
Rate not found
Rate not found
Connection to SQLite has been established.
[SQLITE_ERROR] SQL error or missing database (no such table: rates)
Rate Change not found
Connection to SQLite has been established.
D
Connection to SQLite has been established.
Connection to SQLite has been established.
Currency not found
Connection to SQLite has been established.
[SQLITE_ERROR] SQL error or missing database (no such table: rates)
Currencies not found
Connection to SQLite has been established.
Connection to SQLite has been established.
Connection to SQLite has been established.
[SQLITE_ERROR] SQL error or missing database (no such table: rates)
Rate not found
[SQLITE_ERROR] SQL error or missing database (no such table: rates)
Rate not found
[SQLITE_ERROR] SQL error or missing database (no such table: rates)
Rate not found
[SQLITE_ERROR] SQL error or missing database (no such table: rates)
Rate not found
[SQLITE_ERROR] SQL error or missing database (no such table: rates)
Rate not found
[SQLITE_ERROR] SQL error or missing database (no such table: rates)
Rates not found
Connection to SQLite has been established.
Rate not found
Rate not found
Connection to SQLite has been established.
Rate not found
Rate not found
Rate not found
Rate not found
Rate not found
Rate not found
Connection to SQLite has been established.
Connection to SQLite has been established.
Rate not found
Rate not found
Connection to SQLite has been established.
Connection to SQLite has been established.
Rate not found
Connection to SQLite has been established.
Rate not found
Rate not found
Connection to SQLite has been established.
Connection to SQLite has been established.
Connection to SQLite has been established.
Connection to SQLite has been established.
[SQLITE_ERROR] SQL error or missing database (no such table: popular)
Connection to SQLite has been established.
No suitable driver found for jdbc:
No suitable driver found for jdbc:
]]></system-out>
  <system-err><![CDATA[java.sql.SQLException: No suitable driver found for jdbc:
	at java.sql/java.sql.DriverManager.getConnection(DriverManager.java:706)
	at java.sql/java.sql.DriverManager.getConnection(DriverManager.java:252)
	at soft2412.currencyconverter@1.0-SNAPSHOT/soft2412.currencyconverter.SQLiteConnection.initializeTables(SQLiteConnection.java:64)
	at soft2412.currencyconverter@1.0-SNAPSHOT/soft2412.currencyconverter.test.test_unable_connect(test.java:558)
	at java.base/jdk.internal.reflect.NativeMethodAccessorImpl.invoke0(Native Method)
	at java.base/jdk.internal.reflect.NativeMethodAccessorImpl.invoke(NativeMethodAccessorImpl.java:77)
	at java.base/jdk.internal.reflect.DelegatingMethodAccessorImpl.invoke(DelegatingMethodAccessorImpl.java:43)
	at java.base/java.lang.reflect.Method.invoke(Method.java:568)
	at org.junit.platform.commons@1.10.0/org.junit.platform.commons.util.ReflectionUtils.invokeMethod(ReflectionUtils.java:728)
	at org.junit.jupiter.engine@5.10.0/org.junit.jupiter.engine.execution.MethodInvocation.proceed(MethodInvocation.java:60)
	at org.junit.jupiter.engine@5.10.0/org.junit.jupiter.engine.execution.InvocationInterceptorChain$ValidatingInvocation.proceed(InvocationInterceptorChain.java:131)
	at org.junit.jupiter.engine@5.10.0/org.junit.jupiter.engine.extension.TimeoutExtension.intercept(TimeoutExtension.java:156)
	at org.junit.jupiter.engine@5.10.0/org.junit.jupiter.engine.extension.TimeoutExtension.interceptTestableMethod(TimeoutExtension.java:147)
	at org.junit.jupiter.engine@5.10.0/org.junit.jupiter.engine.extension.TimeoutExtension.interceptTestMethod(TimeoutExtension.java:86)
	at org.junit.jupiter.engine@5.10.0/org.junit.jupiter.engine.execution.InterceptingExecutableInvoker$ReflectiveInterceptorCall.lambda$ofVoidMethod$0(InterceptingExecutableInvoker.java:103)
	at org.junit.jupiter.engine@5.10.0/org.junit.jupiter.engine.execution.InterceptingExecutableInvoker.lambda$invoke$0(InterceptingExecutableInvoker.java:93)
	at org.junit.jupiter.engine@5.10.0/org.junit.jupiter.engine.execution.InvocationInterceptorChain$InterceptedInvocation.proceed(InvocationInterceptorChain.java:106)
	at org.junit.jupiter.engine@5.10.0/org.junit.jupiter.engine.execution.InvocationInterceptorChain.proceed(InvocationInterceptorChain.java:64)
	at org.junit.jupiter.engine@5.10.0/org.junit.jupiter.engine.execution.InvocationInterceptorChain.chainAndInvoke(InvocationInterceptorChain.java:45)
	at org.junit.jupiter.engine@5.10.0/org.junit.jupiter.engine.execution.InvocationInterceptorChain.invoke(InvocationInterceptorChain.java:37)
	at org.junit.jupiter.engine@5.10.0/org.junit.jupiter.engine.execution.InterceptingExecutableInvoker.invoke(InterceptingExecutableInvoker.java:92)
	at org.junit.jupiter.engine@5.10.0/org.junit.jupiter.engine.execution.InterceptingExecutableInvoker.invoke(InterceptingExecutableInvoker.java:86)
	at org.junit.jupiter.engine@5.10.0/org.junit.jupiter.engine.descriptor.TestMethodTestDescriptor.lambda$invokeTestMethod$7(TestMethodTestDescriptor.java:218)
	at org.junit.platform.engine@1.10.0/org.junit.platform.engine.support.hierarchical.ThrowableCollector.execute(ThrowableCollector.java:73)
	at org.junit.jupiter.engine@5.10.0/org.junit.jupiter.engine.descriptor.TestMethodTestDescriptor.invokeTestMethod(TestMethodTestDescriptor.java:214)
	at org.junit.jupiter.engine@5.10.0/org.junit.jupiter.engine.descriptor.TestMethodTestDescriptor.execute(TestMethodTestDescriptor.java:139)
	at org.junit.jupiter.engine@5.10.0/org.junit.jupiter.engine.descriptor.TestMethodTestDescriptor.execute(TestMethodTestDescriptor.java:69)
	at org.junit.platform.engine@1.10.0/org.junit.platform.engine.support.hierarchical.NodeTestTask.lambda$executeRecursively$6(NodeTestTask.java:151)
	at org.junit.platform.engine@1.10.0/org.junit.platform.engine.support.hierarchical.ThrowableCollector.execute(ThrowableCollector.java:73)
	at org.junit.platform.engine@1.10.0/org.junit.platform.engine.support.hierarchical.NodeTestTask.lambda$executeRecursively$8(NodeTestTask.java:141)
	at org.junit.platform.engine@1.10.0/org.junit.platform.engine.support.hierarchical.Node.around(Node.java:137)
	at org.junit.platform.engine@1.10.0/org.junit.platform.engine.support.hierarchical.NodeTestTask.lambda$executeRecursively$9(NodeTestTask.java:139)
	at org.junit.platform.engine@1.10.0/org.junit.platform.engine.support.hierarchical.ThrowableCollector.execute(ThrowableCollector.java:73)
	at org.junit.platform.engine@1.10.0/org.junit.platform.engine.support.hierarchical.NodeTestTask.executeRecursively(NodeTestTask.java:138)
	at org.junit.platform.engine@1.10.0/org.junit.platform.engine.support.hierarchical.NodeTestTask.execute(NodeTestTask.java:95)
	at java.base/java.util.ArrayList.forEach(ArrayList.java:1511)
	at org.junit.platform.engine@1.10.0/org.junit.platform.engine.support.hierarchical.SameThreadHierarchicalTestExecutorService.invokeAll(SameThreadHierarchicalTestExecutorService.java:41)
	at org.junit.platform.engine@1.10.0/org.junit.platform.engine.support.hierarchical.NodeTestTask.lambda$executeRecursively$6(NodeTestTask.java:155)
	at org.junit.platform.engine@1.10.0/org.junit.platform.engine.support.hierarchical.ThrowableCollector.execute(ThrowableCollector.java:73)
	at org.junit.platform.engine@1.10.0/org.junit.platform.engine.support.hierarchical.NodeTestTask.lambda$executeRecursively$8(NodeTestTask.java:141)
	at org.junit.platform.engine@1.10.0/org.junit.platform.engine.support.hierarchical.Node.around(Node.java:137)
	at org.junit.platform.engine@1.10.0/org.junit.platform.engine.support.hierarchical.NodeTestTask.lambda$executeRecursively$9(NodeTestTask.java:139)
	at org.junit.platform.engine@1.10.0/org.junit.platform.engine.support.hierarchical.ThrowableCollector.execute(ThrowableCollector.java:73)
	at org.junit.platform.engine@1.10.0/org.junit.platform.engine.support.hierarchical.NodeTestTask.executeRecursively(NodeTestTask.java:138)
	at org.junit.platform.engine@1.10.0/org.junit.platform.engine.support.hierarchical.NodeTestTask.execute(NodeTestTask.java:95)
	at java.base/java.util.ArrayList.forEach(ArrayList.java:1511)
	at org.junit.platform.engine@1.10.0/org.junit.platform.engine.support.hierarchical.SameThreadHierarchicalTestExecutorService.invokeAll(SameThreadHierarchicalTestExecutorService.java:41)
	at org.junit.platform.engine@1.10.0/org.junit.platform.engine.support.hierarchical.NodeTestTask.lambda$executeRecursively$6(NodeTestTask.java:155)
	at org.junit.platform.engine@1.10.0/org.junit.platform.engine.support.hierarchical.ThrowableCollector.execute(ThrowableCollector.java:73)
	at org.junit.platform.engine@1.10.0/org.junit.platform.engine.support.hierarchical.NodeTestTask.lambda$executeRecursively$8(NodeTestTask.java:141)
	at org.junit.platform.engine@1.10.0/org.junit.platform.engine.support.hierarchical.Node.around(Node.java:137)
	at org.junit.platform.engine@1.10.0/org.junit.platform.engine.support.hierarchical.NodeTestTask.lambda$executeRecursively$9(NodeTestTask.java:139)
	at org.junit.platform.engine@1.10.0/org.junit.platform.engine.support.hierarchical.ThrowableCollector.execute(ThrowableCollector.java:73)
	at org.junit.platform.engine@1.10.0/org.junit.platform.engine.support.hierarchical.NodeTestTask.executeRecursively(NodeTestTask.java:138)
	at org.junit.platform.engine@1.10.0/org.junit.platform.engine.support.hierarchical.NodeTestTask.execute(NodeTestTask.java:95)
	at org.junit.platform.engine@1.10.0/org.junit.platform.engine.support.hierarchical.SameThreadHierarchicalTestExecutorService.submit(SameThreadHierarchicalTestExecutorService.java:35)
	at org.junit.platform.engine@1.10.0/org.junit.platform.engine.support.hierarchical.HierarchicalTestExecutor.execute(HierarchicalTestExecutor.java:57)
	at org.junit.platform.engine@1.10.0/org.junit.platform.engine.support.hierarchical.HierarchicalTestEngine.execute(HierarchicalTestEngine.java:54)
	at org.junit.platform.launcher.core.EngineExecutionOrchestrator.execute(EngineExecutionOrchestrator.java:108)
	at org.junit.platform.launcher.core.EngineExecutionOrchestrator.execute(EngineExecutionOrchestrator.java:88)
	at org.junit.platform.launcher.core.EngineExecutionOrchestrator.lambda$execute$0(EngineExecutionOrchestrator.java:54)
	at org.junit.platform.launcher.core.EngineExecutionOrchestrator.withInterceptedStreams(EngineExecutionOrchestrator.java:67)
	at org.junit.platform.launcher.core.EngineExecutionOrchestrator.execute(EngineExecutionOrchestrator.java:52)
	at org.junit.platform.launcher.core.DefaultLauncher.execute(DefaultLauncher.java:96)
	at org.junit.platform.launcher.core.DefaultLauncher.execute(DefaultLauncher.java:75)
	at org.gradle.api.internal.tasks.testing.junitplatform.JUnitPlatformTestClassProcessor$CollectAllTestClassesExecutor.processAllTestClasses(JUnitPlatformTestClassProcessor.java:99)
	at org.gradle.api.internal.tasks.testing.junitplatform.JUnitPlatformTestClassProcessor$CollectAllTestClassesExecutor.access$000(JUnitPlatformTestClassProcessor.java:79)
	at org.gradle.api.internal.tasks.testing.junitplatform.JUnitPlatformTestClassProcessor.stop(JUnitPlatformTestClassProcessor.java:75)
	at org.gradle.api.internal.tasks.testing.SuiteTestClassProcessor.stop(SuiteTestClassProcessor.java:61)
	at java.base/jdk.internal.reflect.NativeMethodAccessorImpl.invoke0(Native Method)
	at java.base/jdk.internal.reflect.NativeMethodAccessorImpl.invoke(NativeMethodAccessorImpl.java:77)
	at java.base/jdk.internal.reflect.DelegatingMethodAccessorImpl.invoke(DelegatingMethodAccessorImpl.java:43)
	at java.base/java.lang.reflect.Method.invoke(Method.java:568)
	at org.gradle.internal.dispatch.ReflectionDispatch.dispatch(ReflectionDispatch.java:36)
	at org.gradle.internal.dispatch.ReflectionDispatch.dispatch(ReflectionDispatch.java:24)
	at org.gradle.internal.dispatch.ContextClassLoaderDispatch.dispatch(ContextClassLoaderDispatch.java:33)
	at org.gradle.internal.dispatch.ProxyDispatchAdapter$DispatchingInvocationHandler.invoke(ProxyDispatchAdapter.java:94)
	at jdk.proxy2/jdk.proxy2.$Proxy5.stop(Unknown Source)
	at org.gradle.api.internal.tasks.testing.worker.TestWorker$3.run(TestWorker.java:193)
	at org.gradle.api.internal.tasks.testing.worker.TestWorker.executeAndMaintainThreadName(TestWorker.java:129)
	at org.gradle.api.internal.tasks.testing.worker.TestWorker.execute(TestWorker.java:100)
	at org.gradle.api.internal.tasks.testing.worker.TestWorker.execute(TestWorker.java:60)
	at org.gradle.process.internal.worker.child.ActionExecutionWorker.execute(ActionExecutionWorker.java:56)
	at org.gradle.process.internal.worker.child.SystemApplicationClassLoaderWorker.call(SystemApplicationClassLoaderWorker.java:133)
	at org.gradle.process.internal.worker.child.SystemApplicationClassLoaderWorker.call(SystemApplicationClassLoaderWorker.java:71)
	at worker.org.gradle.process.internal.worker.GradleWorkerMain.run(GradleWorkerMain.java:69)
	at worker.org.gradle.process.internal.worker.GradleWorkerMain.main(GradleWorkerMain.java:74)
]]></system-err>
</testsuite>
